[2024-09-13 16:46:45,279] 19 root - INFO - data loading started...
[2024-09-13 16:46:45,287] 26 root - INFO - exception in loading data...
[2024-09-13 16:48:12,808] 19 root - INFO - data loading started...
[2024-09-13 16:48:12,809] 26 root - INFO - exception in loading data...
[2024-09-13 16:48:23,899] 19 root - INFO - data loading started...
[2024-09-13 16:48:23,900] 26 root - INFO - exception in loading data...
[2024-09-13 16:48:24,376] 19 root - INFO - data loading started...
[2024-09-13 16:48:24,377] 26 root - INFO - exception in loading data...
[2024-09-13 16:48:36,978] 19 root - INFO - data loading started...
[2024-09-13 16:48:36,979] 26 root - INFO - exception in loading data...
[2024-09-13 16:48:37,818] 19 root - INFO - data loading started...
[2024-09-13 16:48:37,819] 26 root - INFO - exception in loading data...
[2024-09-13 16:49:20,434] 19 root - INFO - data loading started...
[2024-09-13 16:49:20,435] 26 root - INFO - exception in loading data...
[2024-09-13 16:49:22,055] 19 root - INFO - data loading started...
[2024-09-13 16:49:22,055] 26 root - INFO - exception in loading data...
[2024-09-13 16:49:22,354] 19 root - INFO - data loading started...
[2024-09-13 16:49:22,355] 26 root - INFO - exception in loading data...
[2024-09-13 16:49:32,648] 19 root - INFO - data loading started...
[2024-09-13 16:49:32,649] 26 root - INFO - exception in loading data...
[2024-09-13 16:49:33,203] 19 root - INFO - data loading started...
[2024-09-13 16:49:33,204] 26 root - INFO - exception in loading data...
[2024-09-13 16:49:33,424] 19 root - INFO - data loading started...
[2024-09-13 16:49:33,426] 26 root - INFO - exception in loading data...
[2024-09-13 16:50:15,352] 19 root - INFO - data loading started...
[2024-09-13 16:50:16,382] 19 root - INFO - data loading started...
[2024-09-13 16:50:17,006] 160 numexpr.utils - INFO - NumExpr defaulting to 8 threads.
[2024-09-13 16:50:17,584] 23 root - INFO - data loading completed...
[2024-09-13 16:50:17,584] 23 root - INFO - data loading completed...
[2024-09-13 16:50:20,592] 142 google.auth.compute_engine._metadata - WARNING - Compute Engine Metadata server unavailable on attempt 1 of 3. Reason: timed out
[2024-09-13 16:50:20,593] 142 google.auth.compute_engine._metadata - WARNING - Compute Engine Metadata server unavailable on attempt 1 of 3. Reason: timed out
[2024-09-13 16:50:24,620] 142 google.auth.compute_engine._metadata - WARNING - Compute Engine Metadata server unavailable on attempt 2 of 3. Reason: timed out
[2024-09-13 16:50:24,694] 142 google.auth.compute_engine._metadata - WARNING - Compute Engine Metadata server unavailable on attempt 2 of 3. Reason: timed out
[2024-09-13 16:50:26,540] 142 google.auth.compute_engine._metadata - WARNING - Compute Engine Metadata server unavailable on attempt 3 of 3. Reason: [Errno 64] Host is down
[2024-09-13 16:50:26,541] 338 google.auth._default - WARNING - Authentication failed using Compute Engine authentication due to unavailable metadata server.
[2024-09-13 16:50:26,681] 142 google.auth.compute_engine._metadata - WARNING - Compute Engine Metadata server unavailable on attempt 3 of 3. Reason: [Errno 64] Host is down
[2024-09-13 16:50:26,681] 338 google.auth._default - WARNING - Authentication failed using Compute Engine authentication due to unavailable metadata server.
[2024-09-13 16:51:52,226] 19 root - INFO - data loading started...
[2024-09-13 16:51:52,230] 23 root - INFO - data loading completed...
[2024-09-13 16:52:14,729] 19 root - INFO - data loading started...
[2024-09-13 16:52:14,730] 23 root - INFO - data loading completed...
[2024-09-13 16:52:17,731] 142 google.auth.compute_engine._metadata - WARNING - Compute Engine Metadata server unavailable on attempt 1 of 3. Reason: timed out
[2024-09-13 16:52:21,757] 142 google.auth.compute_engine._metadata - WARNING - Compute Engine Metadata server unavailable on attempt 2 of 3. Reason: timed out
[2024-09-13 16:52:23,735] 142 google.auth.compute_engine._metadata - WARNING - Compute Engine Metadata server unavailable on attempt 3 of 3. Reason: [Errno 64] Host is down
[2024-09-13 16:52:23,735] 338 google.auth._default - WARNING - Authentication failed using Compute Engine authentication due to unavailable metadata server.
[2024-09-13 16:53:25,983] 19 root - INFO - data loading started...
[2024-09-13 16:53:25,986] 23 root - INFO - data loading completed...
[2024-09-13 16:53:27,703] 22 root - INFO - 
[2024-09-13 16:53:27,707] 26 root - INFO - 
[2024-09-13 16:53:31,394] 142 google.auth.compute_engine._metadata - WARNING - Compute Engine Metadata server unavailable on attempt 1 of 3. Reason: timed out
[2024-09-13 16:53:35,496] 142 google.auth.compute_engine._metadata - WARNING - Compute Engine Metadata server unavailable on attempt 2 of 3. Reason: timed out
[2024-09-13 16:53:37,507] 142 google.auth.compute_engine._metadata - WARNING - Compute Engine Metadata server unavailable on attempt 3 of 3. Reason: [Errno 64] Host is down
[2024-09-13 16:53:37,507] 338 google.auth._default - WARNING - Authentication failed using Compute Engine authentication due to unavailable metadata server.
[2024-09-13 16:54:07,899] 19 root - INFO - data loading started...
[2024-09-13 16:54:07,902] 23 root - INFO - data loading completed...
[2024-09-13 16:54:09,474] 22 root - INFO - 
[2024-09-13 16:54:10,017] 26 root - INFO - 
[2024-09-13 16:54:13,038] 142 google.auth.compute_engine._metadata - WARNING - Compute Engine Metadata server unavailable on attempt 1 of 3. Reason: timed out
[2024-09-13 16:54:17,128] 142 google.auth.compute_engine._metadata - WARNING - Compute Engine Metadata server unavailable on attempt 2 of 3. Reason: timed out
[2024-09-13 16:54:19,139] 142 google.auth.compute_engine._metadata - WARNING - Compute Engine Metadata server unavailable on attempt 3 of 3. Reason: [Errno 64] Host is down
[2024-09-13 16:54:19,139] 338 google.auth._default - WARNING - Authentication failed using Compute Engine authentication due to unavailable metadata server.
[2024-09-13 16:55:34,801] 21 root - INFO - data loading started...
[2024-09-13 16:55:34,809] 25 root - INFO - data loading completed...
[2024-09-13 16:55:36,414] 24 root - INFO - 
[2024-09-13 16:55:36,957] 28 root - INFO - 
[2024-09-13 16:55:39,987] 142 google.auth.compute_engine._metadata - WARNING - Compute Engine Metadata server unavailable on attempt 1 of 3. Reason: timed out
[2024-09-13 16:55:44,017] 142 google.auth.compute_engine._metadata - WARNING - Compute Engine Metadata server unavailable on attempt 2 of 3. Reason: timed out
[2024-09-13 16:55:46,172] 142 google.auth.compute_engine._metadata - WARNING - Compute Engine Metadata server unavailable on attempt 3 of 3. Reason: [Errno 64] Host is down
[2024-09-13 16:55:46,172] 338 google.auth._default - WARNING - Authentication failed using Compute Engine authentication due to unavailable metadata server.
[2024-09-13 16:57:03,686] 21 root - INFO - data loading started...
[2024-09-13 16:57:03,689] 25 root - INFO - data loading completed...
[2024-09-13 16:57:05,294] 24 root - INFO - 
[2024-09-13 16:57:05,297] 28 root - INFO - 
[2024-09-13 16:57:08,330] 142 google.auth.compute_engine._metadata - WARNING - Compute Engine Metadata server unavailable on attempt 1 of 3. Reason: timed out
[2024-09-13 16:57:12,264] 142 google.auth.compute_engine._metadata - WARNING - Compute Engine Metadata server unavailable on attempt 2 of 3. Reason: timed out
[2024-09-13 16:57:14,334] 142 google.auth.compute_engine._metadata - WARNING - Compute Engine Metadata server unavailable on attempt 3 of 3. Reason: [Errno 64] Host is down
[2024-09-13 16:57:14,334] 338 google.auth._default - WARNING - Authentication failed using Compute Engine authentication due to unavailable metadata server.
[2024-09-13 16:58:39,340] 21 root - INFO - data loading started...
[2024-09-13 16:58:39,347] 25 root - INFO - data loading completed...
[2024-09-13 16:58:41,038] 24 root - INFO - 
[2024-09-13 16:58:41,040] 28 root - INFO - 
[2024-09-13 16:58:44,072] 142 google.auth.compute_engine._metadata - WARNING - Compute Engine Metadata server unavailable on attempt 1 of 3. Reason: timed out
[2024-09-13 16:58:48,038] 142 google.auth.compute_engine._metadata - WARNING - Compute Engine Metadata server unavailable on attempt 2 of 3. Reason: timed out
[2024-09-13 16:58:49,949] 142 google.auth.compute_engine._metadata - WARNING - Compute Engine Metadata server unavailable on attempt 3 of 3. Reason: [Errno 64] Host is down
[2024-09-13 16:58:49,949] 338 google.auth._default - WARNING - Authentication failed using Compute Engine authentication due to unavailable metadata server.
[2024-09-13 17:02:00,118] 21 root - INFO - data loading started...
[2024-09-13 17:02:00,121] 25 root - INFO - data loading completed...
[2024-09-13 17:02:01,781] 24 root - INFO - 
[2024-09-13 17:02:01,784] 28 root - INFO - 
[2024-09-13 17:02:35,397] 21 root - INFO - data loading started...
[2024-09-13 17:02:35,401] 25 root - INFO - data loading completed...
[2024-09-13 17:02:46,966] 21 root - INFO - data loading started...
[2024-09-13 17:02:46,968] 25 root - INFO - data loading completed...
[2024-09-13 17:03:00,830] 21 root - INFO - data loading started...
[2024-09-13 17:03:00,831] 25 root - INFO - data loading completed...
[2024-09-13 17:04:03,971] 21 root - INFO - data loading started...
[2024-09-13 17:04:03,974] 25 root - INFO - data loading completed...
[2024-09-13 17:04:05,570] 24 root - INFO - 
[2024-09-13 17:04:05,572] 28 root - INFO - 
[2024-09-13 17:04:08,606] 142 google.auth.compute_engine._metadata - WARNING - Compute Engine Metadata server unavailable on attempt 1 of 3. Reason: timed out
[2024-09-13 17:04:12,617] 142 google.auth.compute_engine._metadata - WARNING - Compute Engine Metadata server unavailable on attempt 2 of 3. Reason: timed out
[2024-09-13 17:04:14,452] 142 google.auth.compute_engine._metadata - WARNING - Compute Engine Metadata server unavailable on attempt 3 of 3. Reason: [Errno 64] Host is down
[2024-09-13 17:04:14,452] 338 google.auth._default - WARNING - Authentication failed using Compute Engine authentication due to unavailable metadata server.
[2024-09-13 17:13:06,232] 21 root - INFO - data loading started...
[2024-09-13 17:13:06,239] 25 root - INFO - data loading completed...
[2024-09-13 17:13:07,883] 24 root - INFO - 
[2024-09-13 17:13:07,885] 28 root - INFO - 
[2024-09-13 17:13:10,931] 142 google.auth.compute_engine._metadata - WARNING - Compute Engine Metadata server unavailable on attempt 1 of 3. Reason: timed out
[2024-09-13 17:13:14,928] 142 google.auth.compute_engine._metadata - WARNING - Compute Engine Metadata server unavailable on attempt 2 of 3. Reason: timed out
[2024-09-13 17:13:16,946] 142 google.auth.compute_engine._metadata - WARNING - Compute Engine Metadata server unavailable on attempt 3 of 3. Reason: [Errno 64] Host is down
[2024-09-13 17:13:16,947] 338 google.auth._default - WARNING - Authentication failed using Compute Engine authentication due to unavailable metadata server.
[2024-09-13 17:13:34,369] 21 root - INFO - data loading started...
[2024-09-13 17:13:34,371] 25 root - INFO - data loading completed...
[2024-09-13 17:13:35,937] 24 root - INFO - 
[2024-09-13 17:13:35,939] 28 root - INFO - 
[2024-09-13 17:14:13,539] 21 root - INFO - data loading started...
[2024-09-13 17:14:13,544] 25 root - INFO - data loading completed...
[2024-09-13 17:14:15,169] 24 root - INFO - 
[2024-09-13 17:14:15,186] 28 root - INFO - 
[2024-09-13 17:14:18,210] 142 google.auth.compute_engine._metadata - WARNING - Compute Engine Metadata server unavailable on attempt 1 of 3. Reason: timed out
[2024-09-13 17:14:22,192] 142 google.auth.compute_engine._metadata - WARNING - Compute Engine Metadata server unavailable on attempt 2 of 3. Reason: timed out
[2024-09-13 17:14:24,328] 142 google.auth.compute_engine._metadata - WARNING - Compute Engine Metadata server unavailable on attempt 3 of 3. Reason: [Errno 64] Host is down
[2024-09-13 17:14:24,328] 338 google.auth._default - WARNING - Authentication failed using Compute Engine authentication due to unavailable metadata server.
[2024-09-13 17:16:33,435] 21 root - INFO - data loading started...
[2024-09-13 17:16:33,438] 25 root - INFO - data loading completed...
[2024-09-13 17:16:35,060] 24 root - INFO - 
[2024-09-13 17:16:35,601] 28 root - INFO - 
[2024-09-13 17:16:38,624] 142 google.auth.compute_engine._metadata - WARNING - Compute Engine Metadata server unavailable on attempt 1 of 3. Reason: timed out
[2024-09-13 17:16:42,623] 142 google.auth.compute_engine._metadata - WARNING - Compute Engine Metadata server unavailable on attempt 2 of 3. Reason: timed out
[2024-09-13 17:16:44,685] 142 google.auth.compute_engine._metadata - WARNING - Compute Engine Metadata server unavailable on attempt 3 of 3. Reason: [Errno 64] Host is down
[2024-09-13 17:16:44,685] 338 google.auth._default - WARNING - Authentication failed using Compute Engine authentication due to unavailable metadata server.
[2024-09-13 17:17:37,138] 21 root - INFO - data loading started...
[2024-09-13 17:17:37,139] 25 root - INFO - data loading completed...
[2024-09-13 17:17:38,754] 24 root - INFO - 
[2024-09-13 17:17:38,756] 28 root - INFO - 
[2024-09-13 17:22:07,248] 21 root - INFO - data loading started...
[2024-09-13 17:22:07,251] 25 root - INFO - data loading completed...
[2024-09-13 17:22:08,882] 24 root - INFO - 
[2024-09-13 17:22:08,885] 28 root - INFO - 
[2024-09-13 17:23:42,718] 21 root - INFO - data loading started...
[2024-09-13 17:23:42,720] 25 root - INFO - data loading completed...
[2024-09-13 17:23:44,319] 25 root - INFO - 
[2024-09-13 17:23:45,858] 31 root - INFO - 
[2024-09-13 17:25:10,974] 21 root - INFO - data loading started...
[2024-09-13 17:25:10,977] 25 root - INFO - data loading completed...
[2024-09-13 17:25:12,589] 25 root - INFO - 
[2024-09-13 17:25:14,126] 31 root - INFO - 
[2024-09-13 17:37:25,933] 21 root - INFO - data loading started...
[2024-09-13 17:37:25,939] 25 root - INFO - data loading completed...
[2024-09-13 17:37:38,034] 21 root - INFO - data loading started...
[2024-09-13 17:37:38,037] 25 root - INFO - data loading completed...
[2024-09-13 17:38:35,099] 21 root - INFO - data loading started...
[2024-09-13 17:38:35,101] 25 root - INFO - data loading completed...
[2024-09-13 17:38:37,302] 25 root - INFO - 
[2024-09-13 17:38:37,302] 30 root - INFO - 
[2024-09-13 17:40:27,200] 21 root - INFO - data loading started...
[2024-09-13 17:40:27,202] 25 root - INFO - data loading completed...
[2024-09-13 17:40:28,780] 25 root - INFO - 
[2024-09-13 17:40:28,781] 30 root - INFO - 
[2024-09-13 17:44:24,695] 21 root - INFO - data loading started...
[2024-09-13 17:44:24,698] 25 root - INFO - data loading completed...
[2024-09-13 17:44:26,356] 73 root - INFO - 
[2024-09-13 17:44:26,356] 78 root - INFO - 
[2024-09-13 17:52:42,967] 21 root - INFO - data loading started...
[2024-09-13 17:52:42,971] 25 root - INFO - data loading completed...
[2024-09-13 17:52:43,638] 27 root - INFO - 
[2024-09-13 17:52:43,638] 32 root - INFO - 
[2024-09-13 17:53:24,482] 21 root - INFO - data loading started...
[2024-09-13 17:53:24,483] 25 root - INFO - data loading completed...
[2024-09-13 17:53:26,045] 27 root - INFO - 
[2024-09-13 17:53:26,046] 32 root - INFO - 
